2022-09-17 22:41:11 INFO  Log:11 - =====================================Login Test TEST START=========================================
2022-09-17 22:41:12 INFO  Log:22 - User is going to click on SignIn
2022-09-17 22:43:08 INFO  Log:11 - =====================================Login Test TEST START=========================================
2022-09-17 22:43:08 INFO  Log:22 - User is going to click on SignIn
2022-09-17 22:43:11 INFO  Log:22 - Enter UserName and Password
2022-09-17 22:47:12 INFO  Log:11 - =====================================Login Test TEST START=========================================
2022-09-17 22:47:13 INFO  Log:22 - User is going to click on SignIn
2022-09-17 22:47:21 INFO  Log:22 - Enter UserName and Password
2022-09-17 22:47:26 INFO  Log:22 - Verifing if user is able to login
2022-09-17 22:47:26 INFO  Log:22 - User Succesfully Loginned
2022-09-17 22:49:10 INFO  Log:11 - =====================================Login Test TEST START=========================================
2022-09-17 22:49:11 INFO  Log:22 - User is going to click on SignIn
2022-09-17 22:49:18 INFO  Log:22 - Enter UserName and Password
2022-09-17 22:49:21 INFO  Log:22 - Verifing if user is able to login
2022-09-17 22:49:21 INFO  Log:22 - User Succesfully Loginned
2022-09-17 22:49:21 INFO  Log:15 - =====================================Login Test TEST END=========================================
2022-09-18 08:59:04 INFO  Log:11 - =====================================Login Test TEST START=========================================
2022-09-18 08:59:04 INFO  Log:22 - User is going to click on SignIn
2022-09-18 08:59:30 INFO  Log:22 - Enter UserName and Password
2022-09-18 09:17:11 INFO  Log:11 - =====================================Login Test TEST START=========================================
2022-09-18 09:17:12 INFO  Log:22 - User is going to click on SignIn
2022-09-18 09:17:26 INFO  Log:22 - Enter UserName and Password
2022-09-18 09:24:28 INFO  Log:11 - =====================================Login Test TEST START=========================================
2022-09-18 09:24:31 INFO  Log:22 - User is going to click on SignIn
2022-09-18 09:24:50 INFO  Log:22 - Enter UserName and Password
2022-09-18 09:24:56 INFO  Log:22 - Verifing if user is able to login
2022-09-18 09:24:56 INFO  Log:22 - User Succesfully Loginned
2022-09-18 09:24:56 INFO  Log:15 - =====================================Login Test TEST END=========================================
2022-09-18 13:52:14 INFO  Log:11 - =====================================Login Test TEST START=========================================
2022-09-18 13:52:14 INFO  Log:22 - User is going to click on SignIn
2022-09-18 13:52:31 INFO  Log:22 - Enter UserName and Password
2022-09-18 13:52:34 INFO  Log:22 - Verifing if user is able to login
2022-09-18 13:52:34 INFO  Log:22 - User Succesfully Loginned
2022-09-18 13:52:34 INFO  Log:15 - =====================================Login Test TEST END=========================================
2022-09-19 07:18:35 INFO  Log:11 - =====================================Login Test TEST START=========================================
2022-09-19 07:18:35 INFO  Log:22 - User is going to click on SignIn
2022-09-19 07:18:50 INFO  Log:22 - Enter UserName and Password
2022-09-19 07:18:53 INFO  Log:22 - Verifing if user is able to login
2022-09-19 07:18:53 INFO  Log:22 - User Succesfully Loginned
2022-09-19 07:18:53 INFO  Log:15 - =====================================Login Test TEST END=========================================
2022-09-19 07:31:41 INFO  Log:11 - =====================================Login Test TEST START=========================================
2022-09-19 07:31:41 INFO  Log:22 - User is going to click on SignIn
2022-09-19 07:31:58 INFO  Log:22 - Enter UserName and Password
2022-09-19 07:32:02 INFO  Log:22 - Verifing if user is able to login
2022-09-19 07:32:02 INFO  Log:22 - User Succesfully Loginned
2022-09-19 07:32:02 INFO  Log:15 - =====================================Login Test TEST END=========================================
2022-09-20 06:59:21 INFO  Log:11 - =====================================Login Test TEST START=========================================
2022-09-20 06:59:21 INFO  Log:22 - User is going to click on SignIn
2022-09-20 06:59:38 INFO  Log:22 - Enter UserName and Password
2022-09-20 06:59:43 INFO  Log:22 - Verifing if user is able to login
2022-09-20 06:59:43 INFO  Log:22 - User Succesfully Loginned
2022-09-20 06:59:43 INFO  Log:15 - =====================================Login Test TEST END=========================================
2022-09-20 07:01:54 DEBUG cache:45 - Couldn't find template in cache for "v3html/v3-html-index.ftl"("en", UTF-8, parsed); will try to load it.
2022-09-20 07:01:54 DEBUG cache:45 - TemplateLoader.findTemplateSource("v3html/v3-html-index_en.ftl"): Not found
2022-09-20 07:01:54 DEBUG cache:45 - TemplateLoader.findTemplateSource("v3html/v3-html-index.ftl"): Found
2022-09-20 07:01:54 DEBUG cache:45 - Loading template for "v3html/v3-html-index.ftl"("en", UTF-8, parsed) from "jar:file:/C:/Users/Shashwat%20Singh/.m2/repository/com/aventstack/extentreports/4.0.9/extentreports-4.0.9.jar!/com/aventstack/extentreports/view/v3html/v3-html-index.ftl"
2022-09-20 07:01:55 DEBUG cache:45 - Couldn't find template in cache for "v3html/v3-html-head.ftl"("en", UTF-8, parsed); will try to load it.
2022-09-20 07:01:55 DEBUG cache:45 - TemplateLoader.findTemplateSource("v3html/v3-html-head_en.ftl"): Not found
2022-09-20 07:01:55 DEBUG cache:45 - TemplateLoader.findTemplateSource("v3html/v3-html-head.ftl"): Found
2022-09-20 07:01:55 DEBUG cache:45 - Loading template for "v3html/v3-html-head.ftl"("en", UTF-8, parsed) from "jar:file:/C:/Users/Shashwat%20Singh/.m2/repository/com/aventstack/extentreports/4.0.9/extentreports-4.0.9.jar!/com/aventstack/extentreports/view/v3html/v3-html-head.ftl"
2022-09-20 07:01:55 DEBUG cache:45 - Couldn't find template in cache for "v3html/v3-html-nav.ftl"("en", UTF-8, parsed); will try to load it.
2022-09-20 07:01:55 DEBUG cache:45 - TemplateLoader.findTemplateSource("v3html/v3-html-nav_en.ftl"): Not found
2022-09-20 07:01:55 DEBUG cache:45 - TemplateLoader.findTemplateSource("v3html/v3-html-nav.ftl"): Found
2022-09-20 07:01:55 DEBUG cache:45 - Loading template for "v3html/v3-html-nav.ftl"("en", UTF-8, parsed) from "jar:file:/C:/Users/Shashwat%20Singh/.m2/repository/com/aventstack/extentreports/4.0.9/extentreports-4.0.9.jar!/com/aventstack/extentreports/view/v3html/v3-html-nav.ftl"
2022-09-20 07:01:55 DEBUG cache:45 - Couldn't find template in cache for "v3html/test-view/v3-html-test-view.ftl"("en", UTF-8, parsed); will try to load it.
2022-09-20 07:01:55 DEBUG cache:45 - TemplateLoader.findTemplateSource("v3html/test-view/v3-html-test-view_en.ftl"): Not found
2022-09-20 07:01:55 DEBUG cache:45 - TemplateLoader.findTemplateSource("v3html/test-view/v3-html-test-view.ftl"): Found
2022-09-20 07:01:55 DEBUG cache:45 - Loading template for "v3html/test-view/v3-html-test-view.ftl"("en", UTF-8, parsed) from "jar:file:/C:/Users/Shashwat%20Singh/.m2/repository/com/aventstack/extentreports/4.0.9/extentreports-4.0.9.jar!/com/aventstack/extentreports/view/v3html/test-view/v3-html-test-view.ftl"
2022-09-20 07:01:55 DEBUG cache:45 - Couldn't find template in cache for "v3html/test-view/v3-html-test-view-charts.ftl"("en", UTF-8, parsed); will try to load it.
2022-09-20 07:01:55 DEBUG cache:45 - TemplateLoader.findTemplateSource("v3html/test-view/v3-html-test-view-charts_en.ftl"): Not found
2022-09-20 07:01:55 DEBUG cache:45 - TemplateLoader.findTemplateSource("v3html/test-view/v3-html-test-view-charts.ftl"): Found
2022-09-20 07:01:55 DEBUG cache:45 - Loading template for "v3html/test-view/v3-html-test-view-charts.ftl"("en", UTF-8, parsed) from "jar:file:/C:/Users/Shashwat%20Singh/.m2/repository/com/aventstack/extentreports/4.0.9/extentreports-4.0.9.jar!/com/aventstack/extentreports/view/v3html/test-view/v3-html-test-view-charts.ftl"
2022-09-20 07:01:55 DEBUG cache:45 - Couldn't find template in cache for "v3html/test-view/v3-html-standard.ftl"("en", UTF-8, parsed); will try to load it.
2022-09-20 07:01:55 DEBUG cache:45 - TemplateLoader.findTemplateSource("v3html/test-view/v3-html-standard_en.ftl"): Not found
2022-09-20 07:01:55 DEBUG cache:45 - TemplateLoader.findTemplateSource("v3html/test-view/v3-html-standard.ftl"): Found
2022-09-20 07:01:55 DEBUG cache:45 - Loading template for "v3html/test-view/v3-html-standard.ftl"("en", UTF-8, parsed) from "jar:file:/C:/Users/Shashwat%20Singh/.m2/repository/com/aventstack/extentreports/4.0.9/extentreports-4.0.9.jar!/com/aventstack/extentreports/view/v3html/test-view/v3-html-standard.ftl"
2022-09-20 07:01:55 DEBUG cache:45 - "v3html/test-view/v3-html-standard.ftl"("en", UTF-8, parsed) cached copy not yet stale; using cached.
2022-09-20 07:01:55 DEBUG cache:45 - "v3html/test-view/v3-html-standard.ftl"("en", UTF-8, parsed) cached copy not yet stale; using cached.
2022-09-20 07:01:55 DEBUG cache:45 - "v3html/test-view/v3-html-standard.ftl"("en", UTF-8, parsed) cached copy not yet stale; using cached.
2022-09-20 07:01:55 DEBUG cache:45 - "v3html/test-view/v3-html-standard.ftl"("en", UTF-8, parsed) cached copy not yet stale; using cached.
2022-09-20 07:01:55 DEBUG cache:45 - "v3html/test-view/v3-html-standard.ftl"("en", UTF-8, parsed) cached copy not yet stale; using cached.
2022-09-20 07:01:55 DEBUG cache:45 - "v3html/test-view/v3-html-standard.ftl"("en", UTF-8, parsed) cached copy not yet stale; using cached.
2022-09-20 07:01:55 DEBUG cache:45 - "v3html/test-view/v3-html-standard.ftl"("en", UTF-8, parsed) cached copy not yet stale; using cached.
2022-09-20 07:01:55 DEBUG cache:45 - "v3html/test-view/v3-html-standard.ftl"("en", UTF-8, parsed) cached copy not yet stale; using cached.
2022-09-20 07:01:55 DEBUG cache:45 - "v3html/test-view/v3-html-standard.ftl"("en", UTF-8, parsed) cached copy not yet stale; using cached.
2022-09-20 07:01:55 DEBUG cache:45 - Couldn't find template in cache for "v3html/category-view/v3-html-category-view.ftl"("en", UTF-8, parsed); will try to load it.
2022-09-20 07:01:55 DEBUG cache:45 - TemplateLoader.findTemplateSource("v3html/category-view/v3-html-category-view_en.ftl"): Not found
2022-09-20 07:01:55 DEBUG cache:45 - TemplateLoader.findTemplateSource("v3html/category-view/v3-html-category-view.ftl"): Found
2022-09-20 07:01:55 DEBUG cache:45 - Loading template for "v3html/category-view/v3-html-category-view.ftl"("en", UTF-8, parsed) from "jar:file:/C:/Users/Shashwat%20Singh/.m2/repository/com/aventstack/extentreports/4.0.9/extentreports-4.0.9.jar!/com/aventstack/extentreports/view/v3html/category-view/v3-html-category-view.ftl"
2022-09-20 07:01:55 DEBUG cache:45 - Couldn't find template in cache for "v3html/exception-view/v3-html-exception-view.ftl"("en", UTF-8, parsed); will try to load it.
2022-09-20 07:01:55 DEBUG cache:45 - TemplateLoader.findTemplateSource("v3html/exception-view/v3-html-exception-view_en.ftl"): Not found
2022-09-20 07:01:55 DEBUG cache:45 - TemplateLoader.findTemplateSource("v3html/exception-view/v3-html-exception-view.ftl"): Found
2022-09-20 07:01:55 DEBUG cache:45 - Loading template for "v3html/exception-view/v3-html-exception-view.ftl"("en", UTF-8, parsed) from "jar:file:/C:/Users/Shashwat%20Singh/.m2/repository/com/aventstack/extentreports/4.0.9/extentreports-4.0.9.jar!/com/aventstack/extentreports/view/v3html/exception-view/v3-html-exception-view.ftl"
2022-09-20 07:01:55 DEBUG cache:45 - Couldn't find template in cache for "v3html/author-view/v3-html-author-view.ftl"("en", UTF-8, parsed); will try to load it.
2022-09-20 07:01:55 DEBUG cache:45 - TemplateLoader.findTemplateSource("v3html/author-view/v3-html-author-view_en.ftl"): Not found
2022-09-20 07:01:55 DEBUG cache:45 - TemplateLoader.findTemplateSource("v3html/author-view/v3-html-author-view.ftl"): Found
2022-09-20 07:01:55 DEBUG cache:45 - Loading template for "v3html/author-view/v3-html-author-view.ftl"("en", UTF-8, parsed) from "jar:file:/C:/Users/Shashwat%20Singh/.m2/repository/com/aventstack/extentreports/4.0.9/extentreports-4.0.9.jar!/com/aventstack/extentreports/view/v3html/author-view/v3-html-author-view.ftl"
2022-09-20 07:01:55 DEBUG cache:45 - Couldn't find template in cache for "v3html/dashboard-view/v3-html-dashboard-view.ftl"("en", UTF-8, parsed); will try to load it.
2022-09-20 07:01:55 DEBUG cache:45 - TemplateLoader.findTemplateSource("v3html/dashboard-view/v3-html-dashboard-view_en.ftl"): Not found
2022-09-20 07:01:55 DEBUG cache:45 - TemplateLoader.findTemplateSource("v3html/dashboard-view/v3-html-dashboard-view.ftl"): Found
2022-09-20 07:01:55 DEBUG cache:45 - Loading template for "v3html/dashboard-view/v3-html-dashboard-view.ftl"("en", UTF-8, parsed) from "jar:file:/C:/Users/Shashwat%20Singh/.m2/repository/com/aventstack/extentreports/4.0.9/extentreports-4.0.9.jar!/com/aventstack/extentreports/view/v3html/dashboard-view/v3-html-dashboard-view.ftl"
2022-09-20 07:01:55 DEBUG cache:45 - Couldn't find template in cache for "v3html/logs-view/v3-html-testrunner-logs-view.ftl"("en", UTF-8, parsed); will try to load it.
2022-09-20 07:01:55 DEBUG cache:45 - TemplateLoader.findTemplateSource("v3html/logs-view/v3-html-testrunner-logs-view_en.ftl"): Not found
2022-09-20 07:01:55 DEBUG cache:45 - TemplateLoader.findTemplateSource("v3html/logs-view/v3-html-testrunner-logs-view.ftl"): Found
2022-09-20 07:01:55 DEBUG cache:45 - Loading template for "v3html/logs-view/v3-html-testrunner-logs-view.ftl"("en", UTF-8, parsed) from "jar:file:/C:/Users/Shashwat%20Singh/.m2/repository/com/aventstack/extentreports/4.0.9/extentreports-4.0.9.jar!/com/aventstack/extentreports/view/v3html/logs-view/v3-html-testrunner-logs-view.ftl"
